============================= test session starts ==============================
platform darwin -- Python 3.10.1, pytest-7.1.2, pluggy-1.0.0 -- /Users/mac/spriteCloud-TechnicalTask/.venv/bin/python
cachedir: .pytest_cache
rootdir: /Users/mac/spriteCloud-TechnicalTask/src, configfile: pytest.ini
plugins: Faker-13.0.0
collecting ... collected 16 items

tests/api_tests/test_pet.py::TestPet::test_positive_scenario_adding_pet_to_store ========================================================

-------------------------------- live log call ---------------------------------
2022-07-29 21:08:50 INFO - OK, status_code=200
======================= CURL ===========================
curl -X POST -H 'Accept: */*' -H 'Accept-Encoding: gzip, deflate' -H 'Connection: keep-alive' -H 'Content-Length: 356' -H 'Content-Type: application/json' -H 'User-Agent: python-requests/2.28.1' -d '{"id": 4110740179449, "category": {"id": 9393223910487, "name": "April Curry"}, "name": "Martin Herman", "photoUrls": ["https://nguyen.com/", "http://lane.com/", "https://watson.org/", "http://walters-warner.com/", "https://www.johnson.com/", "https://jarvis.com/"], "tags": [{"id": 5784675204189, "name": "Benjamin Clark"}], "status": "Designer, graphic"}' https://petstore.swagger.io/v2/pet
======================= CURL ===========================
======================= REQUEST BODY =================-=
{'category': {'id': 9393223910487, 'name': 'April Curry'},
 'id': 4110740179449,
 'name': 'Martin Herman',
 'photoUrls': ['https://nguyen.com/',
               'http://lane.com/',
               'https://watson.org/',
               'http://walters-warner.com/',
               'https://www.johnson.com/',
               'https://jarvis.com/'],
 'status': 'Designer, graphic',
 'tags': [{'id': 5784675204189, 'name': 'Benjamin Clark'}]}
========================================================
====================== RESPONSE BODY ===================
{'category': {'id': 9393223910487, 'name': 'April Curry'},
 'id': 4110740179449,
 'name': 'Martin Herman',
 'photoUrls': ['https://nguyen.com/',
               'http://lane.com/',
               'https://watson.org/',
               'http://walters-warner.com/',
               'https://www.johnson.com/',
               'https://jarvis.com/'],
 'status': 'Designer, graphic',
 'tags': [{'id': 5784675204189, 'name': 'Benjamin Clark'}]}
========================================================
PASSED
tests/api_tests/test_pet.py::TestPet::test_negative_scenario_adding_pet_to_store ========================================================

-------------------------------- live log call ---------------------------------
2022-07-29 21:08:51 CRITICAL - CRITICAL!, status_code=500
======================= CURL ===========================
curl -X POST -H 'Accept: */*' -H 'Accept-Encoding: gzip, deflate' -H 'Connection: keep-alive' -H 'Content-Length: 187' -H 'Content-Type: application/json' -H 'User-Agent: python-requests/2.28.1' -d '{"id": "ABRACADABRA", "category": {"id": "WHICH?", "name": 111111}, "name": 11111, "photoUrls": ["I AM NOT URL"], "tags": [{"id": "I AM NOT VALID TAG ID", "name": 11111}], "status": 3333}' https://petstore.swagger.io/v2/pet
======================= CURL ===========================
======================= REQUEST BODY =================-=
{'category': {'id': 'WHICH?', 'name': 111111},
 'id': 'ABRACADABRA',
 'name': 11111,
 'photoUrls': ['I AM NOT URL'],
 'status': 3333,
 'tags': [{'id': 'I AM NOT VALID TAG ID', 'name': 11111}]}
========================================================
====================== RESPONSE BODY ===================
{'code': 500, 'message': 'something bad happened', 'type': 'unknown'}
========================================================
FAILED
tests/api_tests/test_pet.py::TestPet::test_find_pet_by_id ========================================================

-------------------------------- live log call ---------------------------------
2022-07-29 21:08:51 INFO - OK, status_code=200
======================= CURL ==========================
curl -X GET -H 'Accept: */*' -H 'Accept-Encoding: gzip, deflate' -H 'Connection: keep-alive' -H 'User-Agent: python-requests/2.28.1' https://petstore.swagger.io/v2/pet/4110740179449
======================= CURL ==========================
{'category': {'id': 9393223910487, 'name': 'April Curry'},
 'id': 4110740179449,
 'name': 'Martin Herman',
 'photoUrls': ['https://nguyen.com/',
               'http://lane.com/',
               'https://watson.org/',
               'http://walters-warner.com/',
               'https://www.johnson.com/',
               'https://jarvis.com/'],
 'status': 'Designer, graphic',
 'tags': [{'id': 5784675204189, 'name': 'Benjamin Clark'}]}
========================================================
PASSED
tests/api_tests/test_pet.py::TestPet::test_updating_an_existing_pet PASSED
tests/api_tests/test_pet.py::TestPet::test_delete_pet PASSED
tests/api_tests/test_store.py::TestStore::test_place_an_order_for_a_pet PASSED
tests/api_tests/test_store.py::TestStore::test_return_pet_inventories_by_status PASSED
tests/api_tests/test_store.py::TestStore::test_find_purchase_order_by_id PASSED
tests/api_tests/test_store.py::TestStore::test_delete_purchase_order_by_id PASSED
tests/api_tests/test_user.py::TestUser::test_create_user PASSED
tests/api_tests/test_user.py::TestUser::test_get_user_by_name PASSED
tests/api_tests/test_user.py::TestUser::test_update_user PASSED
tests/api_tests/test_user.py::TestUser::test_delete_user PASSED
tests/ui_tests/test_playground.py::TestPlayground::test_button_that_ignores_dom_click_event FAILED
tests/ui_tests/test_playground.py::TestPlayground::test_for_defining_correct_button_among_buttons_with_similar_classes PASSED
tests/ui_tests/test_playground.py::TestPlayground::test_for_defining_button_with_dynamic_id PASSED

=================================== FAILURES ===================================
______________ TestPet.test_negative_scenario_adding_pet_to_store ______________

self = <api_tests.test_pet.TestPet object at 0x10cfefe80>
pet = <api_tests.api.pet.Pet object at 0x10d0256f0>

    def test_negative_scenario_adding_pet_to_store(self, pet):
        response = post_request(
            url="https://petstore.swagger.io/v2/pet",
            json=pet.generate_invalid_add_pet_to_store_body()
        )
        if response.status_code not in range(400, 500):
>           pytest.fail(
                f"\nINVALID status code={response.status_code}\n"
                f"Expected status code in range 400-499 (Client Error)"
            )
E           Failed: 
E           INVALID status code=500
E           Expected status code in range 400-499 (Client Error)

tests/api_tests/test_pet.py:33: Failed
------------------------------ Captured log call -------------------------------
2022-07-29 21:08:51 CRITICAL - CRITICAL!, status_code=500
___________ TestPlayground.test_button_that_ignores_dom_click_event ____________

self = <ui_tests.test_playground.TestPlayground object at 0x10d025210>
driver = <selenium.webdriver.chrome.webdriver.WebDriver (session="841f1fffe50b0a0262a3dfecbc5844b3")>

    def test_button_that_ignores_dom_click_event(self, driver):
        browser = Browser(driver)
        browser.open_page('google.com')
        browser._fail = 'some_fail'
>       browser.isFailed(browser._fail)

tests/ui_tests/test_playground.py:10: 
_ _ _ _ _ _ _ _ _ _ _ _ _ _ _ _ _ _ _ _ _ _ _ _ _ _ _ _ _ _ _ _ _ _ _ _ _ _ _ _ 

self = <ui_tests.ui.base.Browser object at 0x10d0af1c0>, fail = 'some_fail'

    def isFailed(self, fail):
        if self._fail != '':
>           pytest.fail(fail)
E           Failed: some_fail

tests/ui_tests/ui/base.py:13: Failed
=========================== short test summary info ============================
FAILED tests/api_tests/test_pet.py::TestPet::test_negative_scenario_adding_pet_to_store
FAILED tests/ui_tests/test_playground.py::TestPlayground::test_button_that_ignores_dom_click_event
========================= 2 failed, 14 passed in 4.77s =========================

